2026-05-04 03:38:11,754 [INFO] GPU detectada: Tesla T4
2026-05-04 03:38:11,754 [INFO] Memoria GPU: 15.6 GB
2026-05-04 03:38:11,755 [INFO] ============================================================
2026-05-04 03:38:11,755 [INFO] FASE 1: PREPARACIÓN DE DATOS V4
2026-05-04 03:38:11,755 [INFO] ============================================================
2026-05-04 03:38:11,755 [INFO] Descargando gs://fake-radar-data/datasets/open_source_spanish.csv → data/temp_spanish.csv
2026-05-04 03:38:13,125 [INFO] Descarga completa.
2026-05-04 03:38:13,125 [INFO] Descargando gs://fake-radar-data/datasets/dataset_latam_master.csv → data/temp_latam.csv
2026-05-04 03:38:14,835 [INFO] Descarga completa.
2026-05-04 03:38:14,955 [INFO] [open_source_spanish] 1168 filas válidas | Reales: 623 | Falsas: 545
2026-05-04 03:38:14,959 [INFO] [dataset_latam_master] 3079 filas válidas | Reales: 2062 | Falsas: 1017
2026-05-04 03:38:14,961 [INFO] Dataset V4 listo: 4247 noticias totales.
2026-05-04 03:38:14,961 [INFO]   → Reales (0): 2685
2026-05-04 03:38:14,962 [INFO]   → Falsas (1): 1562
2026-05-04 03:38:14,966 [INFO] Train: 3397 | Val: 850
2026-05-04 03:38:14,967 [INFO] ============================================================
2026-05-04 03:38:14,967 [INFO] FASE 2: CÁLCULO DE PESOS POR CLASE
2026-05-04 03:38:14,967 [INFO] ============================================================
2026-05-04 03:38:14,968 [INFO] Peso clase Real (0): 0.7907
2026-05-04 03:38:14,969 [INFO] Peso clase Fake (1): 2.0398  (×1.5 aplicado)
2026-05-04 03:38:14,975 [INFO] ============================================================
2026-05-04 03:38:14,975 [INFO] FASE 3: CARGANDO xlm-roberta-base
2026-05-04 03:38:14,976 [INFO] ============================================================
2026-05-04 03:38:15,141 [INFO] HTTP Request: HEAD https://huggingface.co/xlm-roberta-base/resolve/main/config.json "HTTP/1.1 200 OK"
2026-05-04 03:38:15,141 [WARNING] Warning: You are sending unauthenticated requests to the HF Hub. Please set a HF_TOKEN to enable higher rate limits and faster downloads.
2026-05-04 03:38:15,247 [INFO] HTTP Request: HEAD https://huggingface.co/xlm-roberta-base/resolve/main/tokenizer_config.json "HTTP/1.1 200 OK"
2026-05-04 03:38:15,349 [INFO] HTTP Request: GET https://huggingface.co/api/models/xlm-roberta-base/tree/main/additional_chat_templates?recursive=false&expand=false "HTTP/1.1 307 Temporary Redirect"
2026-05-04 03:38:15,453 [INFO] HTTP Request: GET https://huggingface.co/api/models/FacebookAI/xlm-roberta-base/tree/main/additional_chat_templates?recursive=false&expand=false "HTTP/1.1 404 Not Found"
2026-05-04 03:38:15,572 [INFO] HTTP Request: GET https://huggingface.co/api/models/xlm-roberta-base/tree/main?recursive=true&expand=false "HTTP/1.1 307 Temporary Redirect"
2026-05-04 03:38:15,677 [INFO] HTTP Request: GET https://huggingface.co/api/models/FacebookAI/xlm-roberta-base/tree/main?recursive=true&expand=false "HTTP/1.1 200 OK"
2026-05-04 03:38:17,964 [INFO] HTTP Request: GET https://huggingface.co/api/models/xlm-roberta-base "HTTP/1.1 307 Temporary Redirect"
2026-05-04 03:38:18,069 [INFO] HTTP Request: GET https://huggingface.co/api/models/FacebookAI/xlm-roberta-base "HTTP/1.1 200 OK"
2026-05-04 03:38:18,191 [INFO] HTTP Request: HEAD https://huggingface.co/xlm-roberta-base/resolve/main/config.json "HTTP/1.1 200 OK"
2026-05-04 03:38:18,424 [INFO] HTTP Request: HEAD https://huggingface.co/xlm-roberta-base/resolve/main/config.json "HTTP/1.1 200 OK"
2026-05-04 03:38:18,823 [INFO] ============================================================
2026-05-04 03:38:18,823 [INFO] FASE 4: TOKENIZANDO (256 tokens)
2026-05-04 03:38:18,824 [INFO] ============================================================
2026-05-04 03:38:27,831 [INFO] ============================================================
2026-05-04 03:38:27,832 [INFO] FASE 5: CONFIGURANDO ENTRENAMIENTO
2026-05-04 03:38:27,832 [INFO] ============================================================
2026-05-04 03:38:28,046 [INFO] ============================================================
2026-05-04 03:38:28,046 [INFO] FASE 6: INICIANDO ENTRENAMIENTO V4
2026-05-04 03:38:28,046 [INFO] ============================================================
2026-05-04 03:48:08,980 [INFO] ============================================================
2026-05-04 03:48:08,981 [INFO] FASE 7: GUARDANDO MODELO V4
2026-05-04 03:48:08,981 [INFO] ============================================================
2026-05-04 03:48:32,095 [INFO] Modelo guardado localmente en ./models/fake_radar_v4
2026-05-04 03:48:37,199 [INFO] ============================================================
2026-05-04 03:48:37,200 [INFO] MÉTRICAS FINALES:
2026-05-04 03:48:37,200 [INFO]   eval_loss: 0.7038
2026-05-04 03:48:37,201 [INFO]   eval_accuracy: 0.6459
2026-05-04 03:48:37,201 [INFO]   eval_f1_fake: 0.5606
2026-05-04 03:48:37,202 [INFO]   eval_f1_macro: 0.6320
2026-05-04 03:48:37,202 [INFO]   eval_precision_fake: 0.5161
2026-05-04 03:48:37,203 [INFO]   eval_recall_fake: 0.6134
2026-05-04 03:48:37,203 [INFO]   eval_runtime: 5.0956
2026-05-04 03:48:37,203 [INFO]   eval_samples_per_second: 166.8110
2026-05-04 03:48:37,204 [INFO]   eval_steps_per_second: 20.9990
2026-05-04 03:48:37,204 [INFO]   epoch: 5.0000
2026-05-04 03:48:37,204 [INFO] ============================================================
2026-05-04 03:48:37,205 [INFO] FASE 8: SUBIENDO MODELO A GCP
2026-05-04 03:48:37,206 [INFO] Subiendo ./models/fake_radar_v4 → gs://fake-radar-data/models/fake_radar_v4
2026-05-04 03:48:38,885 [INFO]   ✓ models/fake_radar_v4/config.json
2026-05-04 03:49:23,207 [INFO]   ✓ models/fake_radar_v4/model.safetensors
2026-05-04 03:49:23,491 [INFO]   ✓ models/fake_radar_v4/tokenizer_config.json
2026-05-04 03:49:25,423 [INFO]   ✓ models/fake_radar_v4/tokenizer.json
2026-05-04 03:49:25,698 [INFO]   ✓ models/fake_radar_v4/training_args.bin
2026-05-04 03:49:26,121 [INFO]   ✓ models/fake_radar_v4/checkpoint-852/config.json
2026-05-04 03:50:08,097 [INFO]   ✓ models/fake_radar_v4/checkpoint-852/model.safetensors
2026-05-04 03:50:08,369 [INFO]   ✓ models/fake_radar_v4/checkpoint-852/tokenizer_config.json
2026-05-04 03:50:10,305 [INFO]   ✓ models/fake_radar_v4/checkpoint-852/tokenizer.json
2026-05-04 03:50:10,564 [INFO]   ✓ models/fake_radar_v4/checkpoint-852/training_args.bin
2026-05-04 03:51:32,288 [INFO]   ✓ models/fake_radar_v4/checkpoint-852/optimizer.pt
2026-05-04 03:51:32,565 [INFO]   ✓ models/fake_radar_v4/checkpoint-852/scheduler.pt
2026-05-04 03:51:32,835 [INFO]   ✓ models/fake_radar_v4/checkpoint-852/scaler.pt
2026-05-04 03:51:33,253 [INFO]   ✓ models/fake_radar_v4/checkpoint-852/rng_state.pth
2026-05-04 03:51:33,542 [INFO]   ✓ models/fake_radar_v4/checkpoint-852/trainer_state.json
2026-05-04 03:51:33,953 [INFO]   ✓ models/fake_radar_v4/checkpoint-1065/config.json
2026-05-04 03:52:16,124 [INFO]   ✓ models/fake_radar_v4/checkpoint-1065/model.safetensors
2026-05-04 03:52:16,387 [INFO]   ✓ models/fake_radar_v4/checkpoint-1065/tokenizer_config.json
2026-05-04 03:52:18,501 [INFO]   ✓ models/fake_radar_v4/checkpoint-1065/tokenizer.json
2026-05-04 03:52:18,758 [INFO]   ✓ models/fake_radar_v4/checkpoint-1065/training_args.bin
2026-05-04 03:53:39,352 [INFO]   ✓ models/fake_radar_v4/checkpoint-1065/optimizer.pt
2026-05-04 03:53:39,628 [INFO]   ✓ models/fake_radar_v4/checkpoint-1065/scheduler.pt
2026-05-04 03:53:39,905 [INFO]   ✓ models/fake_radar_v4/checkpoint-1065/scaler.pt
2026-05-04 03:53:40,186 [INFO]   ✓ models/fake_radar_v4/checkpoint-1065/rng_state.pth
2026-05-04 03:53:40,464 [INFO]   ✓ models/fake_radar_v4/checkpoint-1065/trainer_state.json
2026-05-04 03:53:40,468 [INFO] Modelo disponible en gs://fake-radar-data/models/fake_radar_v4
2026-05-04 03:53:40,468 [INFO] ¡Entrenamiento V4 completado exitosamente!
